<?xml version="1.0" encoding="UTF-8"?>
<testng-results ignored="0" total="3" passed="1" failed="2" skipped="0">
  <reporter-output>
  </reporter-output>
  <suite started-at="2024-04-22T17:54:04 IST" name="Suite" finished-at="2024-04-22T17:56:03 IST" duration-ms="118663">
    <groups>
      <group name="Sanity">
        <method signature="AddToCartPageTest.AddToCartTest()[pri:0, instance:com.mystore.testcases.AddToCartPageTest@dd8ba08]" name="AddToCartTest" class="com.mystore.testcases.AddToCartPageTest"/>
      </group> <!-- Sanity -->
      <group name="Regression">
        <method signature="AddToCartPageTest.AddToCartTest()[pri:0, instance:com.mystore.testcases.AddToCartPageTest@dd8ba08]" name="AddToCartTest" class="com.mystore.testcases.AddToCartPageTest"/>
        <method signature="EndToEndTest.endToEnd()[pri:0, instance:com.mystore.testcases.EndToEndTest@6b81ce95]" name="endToEnd" class="com.mystore.testcases.EndToEndTest"/>
        <method signature="OrderPageTest.VerifyTotalPrice()[pri:0, instance:com.mystore.testcases.OrderPageTest@515aebb0]" name="VerifyTotalPrice" class="com.mystore.testcases.OrderPageTest"/>
      </group> <!-- Regression -->
    </groups>
    <test started-at="2024-04-22T17:54:04 IST" name="Regression" finished-at="2024-04-22T17:56:03 IST" duration-ms="118663">
      <class name="com.mystore.testcases.EndToEndTest">
        <test-method is-config="true" signature="setup(java.lang.String)[pri:0, instance:com.mystore.testcases.EndToEndTest@6b81ce95]" started-at="2024-04-22T17:54:04 IST" name="setup" finished-at="2024-04-22T17:54:22 IST" duration-ms="17372" status="PASS">
          <params>
            <param index="0">
              <value>
                <![CDATA[chrome]]>
              </value>
            </param>
          </params>
          <reporter-output>
          </reporter-output>
        </test-method> <!-- setup -->
        <test-method signature="endToEnd()[pri:0, instance:com.mystore.testcases.EndToEndTest@6b81ce95]" started-at="2024-04-22T17:54:22 IST" name="endToEnd" finished-at="2024-04-22T17:55:17 IST" duration-ms="55123" status="PASS">
          <reporter-output>
          </reporter-output>
        </test-method> <!-- endToEnd -->
        <test-method is-config="true" signature="teardownTest()[pri:0, instance:com.mystore.testcases.EndToEndTest@6b81ce95]" started-at="2024-04-22T17:55:17 IST" name="teardownTest" finished-at="2024-04-22T17:55:17 IST" duration-ms="337" status="PASS">
          <reporter-output>
          </reporter-output>
        </test-method> <!-- teardownTest -->
      </class> <!-- com.mystore.testcases.EndToEndTest -->
      <class name="com.mystore.testcases.AddToCartPageTest">
        <test-method is-config="true" signature="setup(java.lang.String)[pri:0, instance:com.mystore.testcases.AddToCartPageTest@dd8ba08]" started-at="2024-04-22T17:55:41 IST" name="setup" finished-at="2024-04-22T17:55:48 IST" duration-ms="7124" status="PASS">
          <params>
            <param index="0">
              <value>
                <![CDATA[chrome]]>
              </value>
            </param>
          </params>
          <reporter-output>
          </reporter-output>
        </test-method> <!-- setup -->
        <test-method signature="AddToCartTest()[pri:0, instance:com.mystore.testcases.AddToCartPageTest@dd8ba08]" started-at="2024-04-22T17:55:48 IST" name="AddToCartTest" finished-at="2024-04-22T17:56:03 IST" duration-ms="14167" status="FAIL">
          <exception class="org.openqa.selenium.JavascriptException">
            <message>
              <![CDATA[javascript error: {"status":60,"value":"[object HTMLSpanElement] has no size and location"}
  (Session info: chrome=124.0.6367.62)
Build info: version: '4.19.1', revision: 'abe0ee07dc'
System info: os.name: 'Mac OS X', os.arch: 'x86_64', os.version: '11.7.10', java.version: '21.0.2'
Driver info: org.openqa.selenium.chrome.ChromeDriver
Command: [c37370a77c8c71b06c295348910a4474, actions {actions=[org.openqa.selenium.interactions.Sequence@4f966719]}]
Capabilities {acceptInsecureCerts: false, browserName: chrome, browserVersion: 124.0.6367.62, chrome: {chromedriverVersion: 124.0.6367.60 (8771130bd84f..., userDataDir: /var/folders/xd/8_2mrxdj643...}, fedcm:accounts: true, goog:chromeOptions: {debuggerAddress: localhost:49757}, networkConnectionEnabled: false, pageLoadStrategy: normal, platformName: mac, proxy: Proxy(), se:cdp: ws://localhost:49757/devtoo..., se:cdpVersion: 124.0.6367.62, setWindowRect: true, strictFileInteractability: false, timeouts: {implicit: 0, pageLoad: 300000, script: 30000}, unhandledPromptBehavior: dismiss and notify, webauthn:extension:credBlob: true, webauthn:extension:largeBlob: true, webauthn:extension:minPinLength: true, webauthn:extension:prf: true, webauthn:virtualAuthenticators: true}
Session ID: c37370a77c8c71b06c295348910a4474]]>
            </message>
            <full-stacktrace>
              <![CDATA[org.openqa.selenium.JavascriptException: javascript error: {"status":60,"value":"[object HTMLSpanElement] has no size and location"}
  (Session info: chrome=124.0.6367.62)
Build info: version: '4.19.1', revision: 'abe0ee07dc'
System info: os.name: 'Mac OS X', os.arch: 'x86_64', os.version: '11.7.10', java.version: '21.0.2'
Driver info: org.openqa.selenium.chrome.ChromeDriver
Command: [c37370a77c8c71b06c295348910a4474, actions {actions=[org.openqa.selenium.interactions.Sequence@4f966719]}]
Capabilities {acceptInsecureCerts: false, browserName: chrome, browserVersion: 124.0.6367.62, chrome: {chromedriverVersion: 124.0.6367.60 (8771130bd84f..., userDataDir: /var/folders/xd/8_2mrxdj643...}, fedcm:accounts: true, goog:chromeOptions: {debuggerAddress: localhost:49757}, networkConnectionEnabled: false, pageLoadStrategy: normal, platformName: mac, proxy: Proxy(), se:cdp: ws://localhost:49757/devtoo..., se:cdpVersion: 124.0.6367.62, setWindowRect: true, strictFileInteractability: false, timeouts: {implicit: 0, pageLoad: 300000, script: 30000}, unhandledPromptBehavior: dismiss and notify, webauthn:extension:credBlob: true, webauthn:extension:largeBlob: true, webauthn:extension:minPinLength: true, webauthn:extension:prf: true, webauthn:virtualAuthenticators: true}
Session ID: c37370a77c8c71b06c295348910a4474
at java.base/jdk.internal.reflect.DirectConstructorHandleAccessor.newInstance(DirectConstructorHandleAccessor.java:62)
at java.base/java.lang.reflect.Constructor.newInstanceWithCaller(Constructor.java:502)
at java.base/java.lang.reflect.Constructor.newInstance(Constructor.java:486)
at org.openqa.selenium.remote.ErrorCodec.decode(ErrorCodec.java:167)
at org.openqa.selenium.remote.codec.w3c.W3CHttpResponseCodec.decode(W3CHttpResponseCodec.java:138)
at org.openqa.selenium.remote.codec.w3c.W3CHttpResponseCodec.decode(W3CHttpResponseCodec.java:50)
at org.openqa.selenium.remote.HttpCommandExecutor.execute(HttpCommandExecutor.java:190)
at org.openqa.selenium.remote.service.DriverCommandExecutor.invokeExecute(DriverCommandExecutor.java:216)
at org.openqa.selenium.remote.service.DriverCommandExecutor.execute(DriverCommandExecutor.java:174)
at org.openqa.selenium.remote.RemoteWebDriver.execute(RemoteWebDriver.java:518)
at org.openqa.selenium.remote.RemoteWebDriver.perform(RemoteWebDriver.java:604)
at org.openqa.selenium.interactions.Actions$BuiltAction.perform(Actions.java:603)
at com.mystore.actiondriver.Actiondriver.click(Actiondriver.java:35)
at com.mystore.pageobjects.AddToCartPage.addToCart(AddToCartPage.java:63)
at com.mystore.testcases.AddToCartPageTest.AddToCartTest(AddToCartPageTest.java:53)
at java.base/jdk.internal.reflect.DirectMethodHandleAccessor.invoke(DirectMethodHandleAccessor.java:103)
at java.base/java.lang.reflect.Method.invoke(Method.java:580)
at org.testng.internal.invokers.MethodInvocationHelper.invokeMethod(MethodInvocationHelper.java:139)
at org.testng.internal.invokers.TestInvoker.invokeMethod(TestInvoker.java:664)
at org.testng.internal.invokers.TestInvoker.invokeTestMethod(TestInvoker.java:228)
at org.testng.internal.invokers.MethodRunner.runInSequence(MethodRunner.java:63)
at org.testng.internal.invokers.TestInvoker$MethodInvocationAgent.invoke(TestInvoker.java:961)
at org.testng.internal.invokers.TestInvoker.invokeTestMethods(TestInvoker.java:201)
at org.testng.internal.invokers.TestMethodWorker.invokeTestMethods(TestMethodWorker.java:148)
at org.testng.internal.invokers.TestMethodWorker.run(TestMethodWorker.java:128)
at java.base/java.util.ArrayList.forEach(ArrayList.java:1596)
at org.testng.TestRunner.privateRun(TestRunner.java:819)
at org.testng.TestRunner.run(TestRunner.java:619)
at org.testng.SuiteRunner.runTest(SuiteRunner.java:443)
at org.testng.SuiteRunner.runSequentially(SuiteRunner.java:437)
at org.testng.SuiteRunner.privateRun(SuiteRunner.java:397)
at org.testng.SuiteRunner.run(SuiteRunner.java:336)
at org.testng.SuiteRunnerWorker.runSuite(SuiteRunnerWorker.java:52)
at org.testng.SuiteRunnerWorker.run(SuiteRunnerWorker.java:95)
at org.testng.TestNG.runSuitesSequentially(TestNG.java:1301)
at org.testng.TestNG.runSuitesLocally(TestNG.java:1228)
at org.testng.TestNG.runSuites(TestNG.java:1134)
at org.testng.TestNG.run(TestNG.java:1101)
at org.testng.remote.AbstractRemoteTestNG.run(AbstractRemoteTestNG.java:115)
at org.testng.remote.RemoteTestNG.initAndRun(RemoteTestNG.java:251)
at org.testng.remote.RemoteTestNG.main(RemoteTestNG.java:77)
]]>
            </full-stacktrace>
          </exception> <!-- org.openqa.selenium.JavascriptException -->
          <reporter-output>
          </reporter-output>
        </test-method> <!-- AddToCartTest -->
        <test-method is-config="true" signature="teardownTest()[pri:0, instance:com.mystore.testcases.AddToCartPageTest@dd8ba08]" started-at="2024-04-22T17:56:03 IST" name="teardownTest" finished-at="2024-04-22T17:56:03 IST" duration-ms="308" status="PASS">
          <reporter-output>
          </reporter-output>
        </test-method> <!-- teardownTest -->
      </class> <!-- com.mystore.testcases.AddToCartPageTest -->
      <class name="com.mystore.testcases.OrderPageTest">
        <test-method is-config="true" signature="setup(java.lang.String)[pri:0, instance:com.mystore.testcases.OrderPageTest@515aebb0]" started-at="2024-04-22T17:55:17 IST" name="setup" finished-at="2024-04-22T17:55:25 IST" duration-ms="7627" status="PASS">
          <params>
            <param index="0">
              <value>
                <![CDATA[chrome]]>
              </value>
            </param>
          </params>
          <reporter-output>
          </reporter-output>
        </test-method> <!-- setup -->
        <test-method signature="VerifyTotalPrice()[pri:0, instance:com.mystore.testcases.OrderPageTest@515aebb0]" started-at="2024-04-22T17:55:25 IST" name="VerifyTotalPrice" finished-at="2024-04-22T17:55:41 IST" duration-ms="16280" status="FAIL">
          <exception class="org.openqa.selenium.JavascriptException">
            <message>
              <![CDATA[javascript error: {"status":60,"value":"[object HTMLSpanElement] has no size and location"}
  (Session info: chrome=124.0.6367.62)
Build info: version: '4.19.1', revision: 'abe0ee07dc'
System info: os.name: 'Mac OS X', os.arch: 'x86_64', os.version: '11.7.10', java.version: '21.0.2'
Driver info: org.openqa.selenium.chrome.ChromeDriver
Command: [a1c1e946445672ee8cd46a1360a90d45, actions {actions=[org.openqa.selenium.interactions.Sequence@287f7811]}]
Capabilities {acceptInsecureCerts: false, browserName: chrome, browserVersion: 124.0.6367.62, chrome: {chromedriverVersion: 124.0.6367.60 (8771130bd84f..., userDataDir: /var/folders/xd/8_2mrxdj643...}, fedcm:accounts: true, goog:chromeOptions: {debuggerAddress: localhost:49730}, networkConnectionEnabled: false, pageLoadStrategy: normal, platformName: mac, proxy: Proxy(), se:cdp: ws://localhost:49730/devtoo..., se:cdpVersion: 124.0.6367.62, setWindowRect: true, strictFileInteractability: false, timeouts: {implicit: 0, pageLoad: 300000, script: 30000}, unhandledPromptBehavior: dismiss and notify, webauthn:extension:credBlob: true, webauthn:extension:largeBlob: true, webauthn:extension:minPinLength: true, webauthn:extension:prf: true, webauthn:virtualAuthenticators: true}
Session ID: a1c1e946445672ee8cd46a1360a90d45]]>
            </message>
            <full-stacktrace>
              <![CDATA[org.openqa.selenium.JavascriptException: javascript error: {"status":60,"value":"[object HTMLSpanElement] has no size and location"}
  (Session info: chrome=124.0.6367.62)
Build info: version: '4.19.1', revision: 'abe0ee07dc'
System info: os.name: 'Mac OS X', os.arch: 'x86_64', os.version: '11.7.10', java.version: '21.0.2'
Driver info: org.openqa.selenium.chrome.ChromeDriver
Command: [a1c1e946445672ee8cd46a1360a90d45, actions {actions=[org.openqa.selenium.interactions.Sequence@287f7811]}]
Capabilities {acceptInsecureCerts: false, browserName: chrome, browserVersion: 124.0.6367.62, chrome: {chromedriverVersion: 124.0.6367.60 (8771130bd84f..., userDataDir: /var/folders/xd/8_2mrxdj643...}, fedcm:accounts: true, goog:chromeOptions: {debuggerAddress: localhost:49730}, networkConnectionEnabled: false, pageLoadStrategy: normal, platformName: mac, proxy: Proxy(), se:cdp: ws://localhost:49730/devtoo..., se:cdpVersion: 124.0.6367.62, setWindowRect: true, strictFileInteractability: false, timeouts: {implicit: 0, pageLoad: 300000, script: 30000}, unhandledPromptBehavior: dismiss and notify, webauthn:extension:credBlob: true, webauthn:extension:largeBlob: true, webauthn:extension:minPinLength: true, webauthn:extension:prf: true, webauthn:virtualAuthenticators: true}
Session ID: a1c1e946445672ee8cd46a1360a90d45
at java.base/jdk.internal.reflect.DirectConstructorHandleAccessor.newInstance(DirectConstructorHandleAccessor.java:62)
at java.base/java.lang.reflect.Constructor.newInstanceWithCaller(Constructor.java:502)
at java.base/java.lang.reflect.Constructor.newInstance(Constructor.java:486)
at org.openqa.selenium.remote.ErrorCodec.decode(ErrorCodec.java:167)
at org.openqa.selenium.remote.codec.w3c.W3CHttpResponseCodec.decode(W3CHttpResponseCodec.java:138)
at org.openqa.selenium.remote.codec.w3c.W3CHttpResponseCodec.decode(W3CHttpResponseCodec.java:50)
at org.openqa.selenium.remote.HttpCommandExecutor.execute(HttpCommandExecutor.java:190)
at org.openqa.selenium.remote.service.DriverCommandExecutor.invokeExecute(DriverCommandExecutor.java:216)
at org.openqa.selenium.remote.service.DriverCommandExecutor.execute(DriverCommandExecutor.java:174)
at org.openqa.selenium.remote.RemoteWebDriver.execute(RemoteWebDriver.java:518)
at org.openqa.selenium.remote.RemoteWebDriver.perform(RemoteWebDriver.java:604)
at org.openqa.selenium.interactions.Actions$BuiltAction.perform(Actions.java:603)
at com.mystore.actiondriver.Actiondriver.click(Actiondriver.java:35)
at com.mystore.pageobjects.AddToCartPage.addToCart(AddToCartPage.java:63)
at com.mystore.testcases.OrderPageTest.VerifyTotalPrice(OrderPageTest.java:55)
at java.base/jdk.internal.reflect.DirectMethodHandleAccessor.invoke(DirectMethodHandleAccessor.java:103)
at java.base/java.lang.reflect.Method.invoke(Method.java:580)
at org.testng.internal.invokers.MethodInvocationHelper.invokeMethod(MethodInvocationHelper.java:139)
at org.testng.internal.invokers.TestInvoker.invokeMethod(TestInvoker.java:664)
at org.testng.internal.invokers.TestInvoker.invokeTestMethod(TestInvoker.java:228)
at org.testng.internal.invokers.MethodRunner.runInSequence(MethodRunner.java:63)
at org.testng.internal.invokers.TestInvoker$MethodInvocationAgent.invoke(TestInvoker.java:961)
at org.testng.internal.invokers.TestInvoker.invokeTestMethods(TestInvoker.java:201)
at org.testng.internal.invokers.TestMethodWorker.invokeTestMethods(TestMethodWorker.java:148)
at org.testng.internal.invokers.TestMethodWorker.run(TestMethodWorker.java:128)
at java.base/java.util.ArrayList.forEach(ArrayList.java:1596)
at org.testng.TestRunner.privateRun(TestRunner.java:819)
at org.testng.TestRunner.run(TestRunner.java:619)
at org.testng.SuiteRunner.runTest(SuiteRunner.java:443)
at org.testng.SuiteRunner.runSequentially(SuiteRunner.java:437)
at org.testng.SuiteRunner.privateRun(SuiteRunner.java:397)
at org.testng.SuiteRunner.run(SuiteRunner.java:336)
at org.testng.SuiteRunnerWorker.runSuite(SuiteRunnerWorker.java:52)
at org.testng.SuiteRunnerWorker.run(SuiteRunnerWorker.java:95)
at org.testng.TestNG.runSuitesSequentially(TestNG.java:1301)
at org.testng.TestNG.runSuitesLocally(TestNG.java:1228)
at org.testng.TestNG.runSuites(TestNG.java:1134)
at org.testng.TestNG.run(TestNG.java:1101)
at org.testng.remote.AbstractRemoteTestNG.run(AbstractRemoteTestNG.java:115)
at org.testng.remote.RemoteTestNG.initAndRun(RemoteTestNG.java:251)
at org.testng.remote.RemoteTestNG.main(RemoteTestNG.java:77)
]]>
            </full-stacktrace>
          </exception> <!-- org.openqa.selenium.JavascriptException -->
          <reporter-output>
          </reporter-output>
        </test-method> <!-- VerifyTotalPrice -->
        <test-method is-config="true" signature="teardownTest()[pri:0, instance:com.mystore.testcases.OrderPageTest@515aebb0]" started-at="2024-04-22T17:55:41 IST" name="teardownTest" finished-at="2024-04-22T17:55:41 IST" duration-ms="218" status="PASS">
          <reporter-output>
          </reporter-output>
        </test-method> <!-- teardownTest -->
      </class> <!-- com.mystore.testcases.OrderPageTest -->
      <class name="com.mystore.testcases.LoginPageTest">
        <test-method is-config="true" signature="loadConfig()[pri:0, instance:com.mystore.testcases.LoginPageTest@67d48005]" started-at="2024-04-22T17:54:04 IST" name="loadConfig" finished-at="2024-04-22T17:54:04 IST" duration-ms="542" status="PASS">
          <reporter-output>
          </reporter-output>
        </test-method> <!-- loadConfig -->
      </class> <!-- com.mystore.testcases.LoginPageTest -->
    </test> <!-- Regression -->
  </suite> <!-- Suite -->
</testng-results>
