<?xml version="1.0" encoding="UTF-8"?>
<!-- Generated by org.testng.reporters.JUnitXMLReporter -->
<testsuite ignored="0" hostname="Serveshs-MacBook-Air.local" failures="0" tests="2" name="Firefox" time="19.389" errors="0" timestamp="2024-04-21T13:16:22 IST">
  <testcase classname="com.mystore.testcases.IndexPageTest" name="validateLogoTest" time="0.611"/>
  <testcase classname="com.mystore.testcases.IndexPageTest" name="verifyTitleTest" time="0.0">
    <skipped/>
  </testcase> <!-- verifyTitleTest -->
</testsuite> <!-- Firefox -->
